<?xml version="1.0" encoding="UTF-8"?>
<!-- Generated by org.testng.reporters.JUnitReportReporter -->
<testsuite hostname="DESKTOP-TO9LRH3" failures="0" tests="1" name="Demo.Demo1" time="11.831" errors="0" timestamp="2022-12-07T14:57:42 IST" skipped="0">
  <testcase classname="Demo.Demo1" name="verifytest" time="11.831"/>
  <system-out/>
</testsuite> <!-- Demo.Demo1 -->
