<?xml version="1.0" encoding="UTF-8"?>
<!-- Generated by org.testng.reporters.JUnitReportReporter -->
<testsuite hostname="DESKTOP-TO9LRH3" failures="0" tests="1" name="Demo.Demo1" time="12.549" errors="0" timestamp="2022-12-12T16:59:53 IST" skipped="0">
  <testcase classname="Demo.Demo1" name="verifytest" time="12.549"/>
  <system-out/>
</testsuite> <!-- Demo.Demo1 -->
